<?xml version="1.0" encoding="UTF-8"?>
<testsuite xmlns:xsi="http://www.w3.org/2001/XMLSchema-instance" xsi:noNamespaceSchemaLocation="https://maven.apache.org/surefire/maven-surefire-plugin/xsd/surefire-test-report-3.0.xsd" version="3.0" name="TestNG" time="2.448" tests="7" errors="0" skipped="0" failures="0">
  <properties>
    <property name="java.specification.version" value="23"/>
    <property name="sun.cpu.isalist" value="amd64"/>
    <property name="sun.jnu.encoding" value="Cp1252"/>
    <property name="java.class.path" value="D:\QA\COURSE\Learn After Office Bootcamp\Bootcamp Automation\automation\target\test-classes;D:\QA\COURSE\Learn After Office Bootcamp\Bootcamp Automation\automation\target\classes;C:\Users\Maissy\.m2\repository\org\testng\testng\7.10.2\testng-7.10.2.jar;C:\Users\Maissy\.m2\repository\org\slf4j\slf4j-api\1.7.36\slf4j-api-1.7.36.jar;C:\Users\Maissy\.m2\repository\com\beust\jcommander\1.82\jcommander-1.82.jar;C:\Users\Maissy\.m2\repository\org\webjars\jquery\3.7.1\jquery-3.7.1.jar;"/>
    <property name="java.vm.vendor" value="Oracle Corporation"/>
    <property name="sun.arch.data.model" value="64"/>
    <property name="user.variant" value=""/>
    <property name="java.vendor.url" value="https://java.oracle.com/"/>
    <property name="user.timezone" value="Asia/Jakarta"/>
    <property name="suiteXmlFile" value="testng.xml"/>
    <property name="os.name" value="Windows 11"/>
    <property name="java.vm.specification.version" value="23"/>
    <property name="sun.java.launcher" value="SUN_STANDARD"/>
    <property name="user.country" value="ID"/>
    <property name="sun.boot.library.path" value="C:\Program Files\Java\jdk-23\bin"/>
    <property name="sun.java.command" value="C:\Users\Maissy\AppData\Local\Temp\surefire3993543590620600553\surefirebooter-20250214174932055_3.jar C:\Users\Maissy\AppData\Local\Temp\surefire3993543590620600553 2025-02-14T17-49-31_150-jvmRun1 surefire-20250214174932055_1tmp surefire_0-20250214174932055_2tmp"/>
    <property name="jdk.debug" value="release"/>
    <property name="surefire.test.class.path" value="D:\QA\COURSE\Learn After Office Bootcamp\Bootcamp Automation\automation\target\test-classes;D:\QA\COURSE\Learn After Office Bootcamp\Bootcamp Automation\automation\target\classes;C:\Users\Maissy\.m2\repository\org\testng\testng\7.10.2\testng-7.10.2.jar;C:\Users\Maissy\.m2\repository\org\slf4j\slf4j-api\1.7.36\slf4j-api-1.7.36.jar;C:\Users\Maissy\.m2\repository\com\beust\jcommander\1.82\jcommander-1.82.jar;C:\Users\Maissy\.m2\repository\org\webjars\jquery\3.7.1\jquery-3.7.1.jar;"/>
    <property name="sun.cpu.endian" value="little"/>
    <property name="user.home" value="C:\Users\Maissy"/>
    <property name="user.language" value="en"/>
    <property name="java.specification.vendor" value="Oracle Corporation"/>
    <property name="java.version.date" value="2024-10-15"/>
    <property name="java.home" value="C:\Program Files\Java\jdk-23"/>
    <property name="file.separator" value="\"/>
    <property name="basedir" value="D:\QA\COURSE\Learn After Office Bootcamp\Bootcamp Automation\automation"/>
    <property name="java.vm.compressedOopsMode" value="32-bit"/>
    <property name="line.separator" value="&#10;"/>
    <property name="java.vm.specification.vendor" value="Oracle Corporation"/>
    <property name="java.specification.name" value="Java Platform API Specification"/>
    <property name="surefire.real.class.path" value="C:\Users\Maissy\AppData\Local\Temp\surefire3993543590620600553\surefirebooter-20250214174932055_3.jar"/>
    <property name="user.script" value=""/>
    <property name="sun.management.compiler" value="HotSpot 64-Bit Tiered Compilers"/>
    <property name="java.runtime.version" value="23.0.1+11-39"/>
    <property name="user.name" value="Maissy"/>
    <property name="stdout.encoding" value="Cp1252"/>
    <property name="path.separator" value=";"/>
    <property name="os.version" value="10.0"/>
    <property name="java.runtime.name" value="Java(TM) SE Runtime Environment"/>
    <property name="file.encoding" value="UTF-8"/>
    <property name="java.vm.name" value="Java HotSpot(TM) 64-Bit Server VM"/>
    <property name="localRepository" value="C:\Users\Maissy\.m2\repository"/>
    <property name="java.vendor.url.bug" value="https://bugreport.java.com/bugreport/"/>
    <property name="java.io.tmpdir" value="C:\Users\Maissy\AppData\Local\Temp\"/>
    <property name="java.version" value="23.0.1"/>
    <property name="user.dir" value="D:\QA\COURSE\Learn After Office Bootcamp\Bootcamp Automation\automation"/>
    <property name="os.arch" value="amd64"/>
    <property name="java.vm.specification.name" value="Java Virtual Machine Specification"/>
    <property name="sun.os.patch.level" value=""/>
    <property name="native.encoding" value="Cp1252"/>
    <property name="java.library.path" value="C:\Program Files\Java\jdk-23\bin;C:\WINDOWS\Sun\Java\bin;C:\WINDOWS\system32;C:\WINDOWS;C:\Program Files (x86)\apache-maven-3.9.9\bin;C:\Program Files\Common Files\Oracle\Java\javapath;C:\Program Files (x86)\Common Files\Oracle\Java\java8path;C:\Program Files (x86)\Common Files\Oracle\Java\javapath;C:\WINDOWS\system32;C:\WINDOWS;C:\WINDOWS\System32\Wbem;C:\WINDOWS\System32\WindowsPowerShell\v1.0\;C:\WINDOWS\System32\OpenSSH\;C:\Program Files\dotnet\;C:\Program Files\Microsoft SQL Server\130\Tools\Binn\;C:\Program Files\Microsoft SQL Server\Client SDK\ODBC\170\Tools\Binn\;C:\Program Files (x86)\MySQL\MySQL Fabric 1.5 &amp; MySQL Utilities 1.5\;C:\Program Files (x86)\MySQL\MySQL Fabric 1.5 &amp; MySQL Utilities 1.5\Doctrine extensions for PHP\;C:\Program Files\Java\jdk-1.8\bin;C:\Gradle\gradle-7.5.1\bin;C:\Program Files\Git\cmd;C:\Users\Maissy\AppData\Local\Microsoft\WindowsApps;C:\Users\Maissy\.dotnet\tools;C:\Program Files\JetBrains\IntelliJ IDEA Community Edition 2023.3.5\bin;;C:\Users\Maissy\AppData\Local\Programs\Microsoft VS Code\bin;C:\Users\Maissy\AppData\Local\GitHubDesktop\bin;."/>
    <property name="java.vm.info" value="mixed mode, sharing"/>
    <property name="stderr.encoding" value="Cp1252"/>
    <property name="java.vendor" value="Oracle Corporation"/>
    <property name="java.vm.version" value="23.0.1+11-39"/>
    <property name="sun.io.unicode.encoding" value="UnicodeLittle"/>
    <property name="java.class.version" value="67.0"/>
  </properties>
  <testcase name="checkoutBarang" classname="TestNG" time="0.004">
    <system-out><![CDATA[> Ini untuk setup Class
Before method
]]></system-out>
    <system-err><![CDATA[SLF4J: Failed to load class "org.slf4j.impl.StaticLoggerBinder".
SLF4J: Defaulting to no-operation (NOP) logger implementation
SLF4J: See http://www.slf4j.org/codes.html#StaticLoggerBinder for further details.
]]></system-err>
  </testcase>
  <testcase name="dataTestScenario[Maissy, 10](1)" classname="TestNG" time="0.009">
    <system-out><![CDATA[After Method
Before method
Nama : Maissy, Umur : 10
]]></system-out>
  </testcase>
  <testcase name="dataTestScenario[Tsara, 20](2)" classname="TestNG" time="0.0">
    <system-out><![CDATA[After Method
Before method
Nama : Tsara, Umur : 20
]]></system-out>
  </testcase>
  <testcase name="dataTestScenario[Permata, 30](3)" classname="TestNG" time="0.0">
    <system-out><![CDATA[After Method
Before method
Nama : Permata, Umur : 30
]]></system-out>
  </testcase>
  <testcase name="scenarioTest1" classname="TestNG" time="0.045">
    <system-out><![CDATA[After Method
Before method
- Scenario 1
]]></system-out>
  </testcase>
  <testcase name="scenarioTest2" classname="TestNG" time="0.003">
    <system-out><![CDATA[After Method
Before method
- Scenario 2
]]></system-out>
  </testcase>
  <testcase name="scenarioTest3" classname="TestNG" time="0.002">
    <system-out><![CDATA[After Method
Before method
- Scenario 3
]]></system-out>
  </testcase>
</testsuite>