<?xml version="1.0" encoding="UTF-8"?>
<!-- Generated by org.testng.reporters.JUnitReportReporter -->
<testsuite hostname="DESKTOP-T4DOQ1V" failures="0" tests="8" name="ParallelTestNG" time="0.022" errors="0" timestamp="2025-02-14T01:12:11 WIB" skipped="0">
  <testcase classname="ParallelTestNG" name="scenarioTest2" time="0.001"/>
  <testcase classname="ParallelTestNG" name="dataTestScenario" time="0.000"/>
  <testcase classname="ParallelTestNG" name="scenarioTest1" time="0.008"/>
  <testcase classname="ParallelTestNG" name="scenarioTest5" time="0.001"/>
  <testcase classname="ParallelTestNG" name="dataTestScenario" time="0.000"/>
  <testcase classname="ParallelTestNG" name="scenarioTest4" time="0.001"/>
  <testcase classname="ParallelTestNG" name="scenarioTest3" time="0.001"/>
  <testcase classname="ParallelTestNG" name="dataTestScenario" time="0.010"/>
</testsuite> <!-- ParallelTestNG -->
