<?xml version="1.0" encoding="UTF-8"?>
<!-- Generated by org.testng.reporters.JUnitReportReporter -->
<testsuite hostname="DESKTOP-T4DOQ1V" failures="0" tests="8" name="ParallelTestNG2" time="0.022" errors="0" timestamp="2025-02-14T01:12:11 WIB" skipped="0">
  <testcase classname="ParallelTestNG2" name="scenarioTest3" time="0.002"/>
  <testcase classname="ParallelTestNG2" name="dataTestScenario" time="0.001"/>
  <testcase classname="ParallelTestNG2" name="dataTestScenario" time="0.001"/>
  <testcase classname="ParallelTestNG2" name="scenarioTest1" time="0.006"/>
  <testcase classname="ParallelTestNG2" name="scenarioTest5" time="0.001"/>
  <testcase classname="ParallelTestNG2" name="scenarioTest2" time="0.001"/>
  <testcase classname="ParallelTestNG2" name="dataTestScenario" time="0.009"/>
  <testcase classname="ParallelTestNG2" name="scenarioTest4" time="0.001"/>
</testsuite> <!-- ParallelTestNG2 -->
