<?xml version="1.0" encoding="UTF-8"?>
<!-- Generated by org.testng.reporters.JUnitReportReporter -->
<testsuite hostname="DESKTOP-T4DOQ1V" failures="0" tests="1" name="restassured.ValidationTest" time="5.140" errors="0" timestamp="2025-02-21T21:23:44 WIB" skipped="0">
  <testcase classname="restassured.ValidationTest" name="createObject" time="5.140"/>
</testsuite> <!-- restassured.ValidationTest -->
