<?xml version="1.0" encoding="UTF-8"?>
<!-- Generated by org.testng.reporters.JUnitReportReporter -->
<testsuite hostname="DESKTOP-T4DOQ1V" failures="0" tests="7" name="TestNG" time="0.089" errors="0" timestamp="2025-02-14T17:49:36 WIB" skipped="0">
  <testcase classname="TestNG" name="scenarioTest1" time="0.035"/>
  <testcase classname="TestNG" name="checkoutBarang" time="0.010"/>
  <testcase classname="TestNG" name="dataTestScenario" time="0.009"/>
  <testcase classname="TestNG" name="scenarioTest3" time="0.005"/>
  <testcase classname="TestNG" name="dataTestScenario" time="0.005"/>
  <testcase classname="TestNG" name="scenarioTest2" time="0.007"/>
  <testcase classname="TestNG" name="dataTestScenario" time="0.018"/>
</testsuite> <!-- TestNG -->
